<?xml version="1.0" encoding="UTF-8"?>
<!-- Generated by org.testng.reporters.JUnitReportReporter -->
<testsuite skipped="0" hostname="Luca-PC" name="be.twinkle.tests.TestNG_EmployeeDaoMockImpl" tests="4" failures="0" timestamp="10 mai 2019 13:34:58 GMT" time="0.031" errors="0">
  <testcase name="test_listEmployees" time="0.002" classname="be.twinkle.tests.TestNG_EmployeeDaoMockImpl"/>
  <testcase name="test_listEmployeesByFunction" time="0.005" classname="be.twinkle.tests.TestNG_EmployeeDaoMockImpl"/>
  <testcase name="test_addEmployee" time="0.022" classname="be.twinkle.tests.TestNG_EmployeeDaoMockImpl"/>
  <testcase name="test_rateSkill" time="0.002" classname="be.twinkle.tests.TestNG_EmployeeDaoMockImpl"/>
</testsuite> <!-- be.twinkle.tests.TestNG_EmployeeDaoMockImpl -->
